2024-09-19T14:05:14.113+05:30  INFO 12804 --- [TodoManager] [restartedMain] com.fali.todos.TodoManagerApplication    : Starting TodoManagerApplication using Java 17.0.12 with PID 12804 (D:\allStsZipFile\TodoManager\target\classes started by falis in D:\allStsZipFile\TodoManager)
2024-09-19T14:05:14.118+05:30 DEBUG 12804 --- [TodoManager] [restartedMain] com.fali.todos.TodoManagerApplication    : Running with Spring Boot v3.3.3, Spring v6.1.12
2024-09-19T14:05:14.120+05:30  INFO 12804 --- [TodoManager] [restartedMain] com.fali.todos.TodoManagerApplication    : No active profile set, falling back to 1 default profile: "default"
2024-09-19T14:05:14.200+05:30  INFO 12804 --- [TodoManager] [restartedMain] .e.DevToolsPropertyDefaultsPostProcessor : Devtools property defaults active! Set 'spring.devtools.add-properties' to 'false' to disable
2024-09-19T14:05:14.202+05:30  INFO 12804 --- [TodoManager] [restartedMain] .e.DevToolsPropertyDefaultsPostProcessor : For additional web related logging consider setting the 'logging.level.web' property to 'DEBUG'
2024-09-19T14:05:16.045+05:30  INFO 12804 --- [TodoManager] [restartedMain] o.s.b.w.embedded.tomcat.TomcatWebServer  : Tomcat initialized with port 8080 (http)
2024-09-19T14:05:16.072+05:30  INFO 12804 --- [TodoManager] [restartedMain] o.apache.catalina.core.StandardService   : Starting service [Tomcat]
2024-09-19T14:05:16.073+05:30  INFO 12804 --- [TodoManager] [restartedMain] o.apache.catalina.core.StandardEngine    : Starting Servlet engine: [Apache Tomcat/10.1.28]
2024-09-19T14:05:16.168+05:30  INFO 12804 --- [TodoManager] [restartedMain] o.a.c.c.C.[Tomcat].[localhost].[/]       : Initializing Spring embedded WebApplicationContext
2024-09-19T14:05:16.169+05:30  INFO 12804 --- [TodoManager] [restartedMain] w.s.c.ServletWebServerApplicationContext : Root WebApplicationContext: initialization completed in 1966 ms
2024-09-19T14:05:16.743+05:30  WARN 12804 --- [TodoManager] [restartedMain] ConfigServletWebServerApplicationContext : Exception encountered during context initialization - cancelling refresh attempt: org.springframework.beans.factory.BeanCreationException: Error creating bean with name 'dataSource' defined in class path resource [org/springframework/boot/autoconfigure/jdbc/DataSourceConfiguration$Hikari.class]: Failed to instantiate [com.zaxxer.hikari.HikariDataSource]: Factory method 'dataSource' threw exception with message: Failed to determine a suitable driver class
2024-09-19T14:05:16.751+05:30  INFO 12804 --- [TodoManager] [restartedMain] o.apache.catalina.core.StandardService   : Stopping service [Tomcat]
2024-09-19T14:05:16.775+05:30  INFO 12804 --- [TodoManager] [restartedMain] .s.b.a.l.ConditionEvaluationReportLogger : 

Error starting ApplicationContext. To display the condition evaluation report re-run your application with 'debug' enabled.
2024-09-19T14:05:16.815+05:30 ERROR 12804 --- [TodoManager] [restartedMain] o.s.b.d.LoggingFailureAnalysisReporter   : 

***************************
APPLICATION FAILED TO START
***************************

Description:

Failed to configure a DataSource: 'url' attribute is not specified and no embedded datasource could be configured.

Reason: Failed to determine a suitable driver class


Action:

Consider the following:
	If you want an embedded database (H2, HSQL or Derby), please put it on the classpath.
	If you have database settings to be loaded from a particular profile you may need to activate it (no profiles are currently active).

